<?xml version="1.0" encoding="UTF-8"?>
<!-- Generated by org.testng.reporters.JUnitReportReporter -->
<testsuite skipped="0" hostname="LAPTOP-TVJ0FV6G" name="digital_Downloads.TC_002" tests="1" failures="0" timestamp="2023-01-22T16:11:53 IST" time="1.593" errors="0">
  <testcase name="sortByDropDown" time="1.593" classname="digital_Downloads.TC_002"/>
  <system-out>
Digital downloads page is displayed Sort by drop down got displayed  </system-out>
</testsuite> <!-- digital_Downloads.TC_002 -->
