<?xml version="1.0" encoding="UTF-8"?>
<!-- Generated by org.testng.reporters.JUnitReportReporter -->
<testsuite skipped="0" hostname="LAPTOP-TVJ0FV6G" name="digital_Downloads.TC_001" tests="1" failures="0" timestamp="2023-01-22T15:40:16 IST" time="2.114" errors="0">
  <testcase name="digitalDownloadCategory" time="2.114" classname="digital_Downloads.TC_001"/>
  <system-out/>
</testsuite> <!-- digital_Downloads.TC_001 -->
