<?xml version="1.0" encoding="UTF-8"?>
<!-- Generated by org.testng.reporters.JUnitReportReporter -->
<testsuite skipped="0" hostname="LAPTOP-TVJ0FV6G" name="digital_Downloads.TC_005" tests="1" failures="0" timestamp="2023-01-22T17:34:29 IST" time="4.800" errors="0">
  <testcase name="clickOnProduct" time="4.800" classname="digital_Downloads.TC_005"/>
  <system-out>
Digital downloads page is displayed Product page is displayed  </system-out>
</testsuite> <!-- digital_Downloads.TC_005 -->
