<?xml version="1.0" encoding="UTF-8"?>
<!-- Generated by org.testng.reporters.JUnitReportReporter -->
<testsuite skipped="0" hostname="LAPTOP-TVJ0FV6G" name="digital_Downloads.TC_010" tests="1" failures="0" timestamp="2023-01-23T10:01:34 IST" time="6.207" errors="0">
  <testcase name="checkoutPage" time="6.207" classname="digital_Downloads.TC_010"/>
  <system-out>
Digital downloads page is displayed Product page is displayed Product got added to cart Shoppingcart page is displayed Checkout page is displayed  </system-out>
</testsuite> <!-- digital_Downloads.TC_010 -->
