<?xml version="1.0" encoding="UTF-8"?>
<!-- Generated by org.testng.reporters.JUnitReportReporter -->
<testsuite skipped="0" hostname="LAPTOP-TVJ0FV6G" name="digital_Downloads.TC_003" tests="1" failures="0" timestamp="2023-01-22T17:14:56 IST" time="1.494" errors="0">
  <testcase name="displayDropDown" time="1.494" classname="digital_Downloads.TC_003"/>
  <system-out>
Digital downloads page is displayed Display drop down is displayed  </system-out>
</testsuite> <!-- digital_Downloads.TC_003 -->
