<?xml version="1.0" encoding="UTF-8"?>
<!-- Generated by org.testng.reporters.JUnitReportReporter -->
<testsuite skipped="0" hostname="LAPTOP-TVJ0FV6G" name="digital_Downloads.TC_004" tests="1" failures="0" timestamp="2023-01-22T17:19:34 IST" time="1.624" errors="0">
  <testcase name="viewDropDown" time="1.624" classname="digital_Downloads.TC_004"/>
  <system-out>
Digital downloads page is displayed  </system-out>
</testsuite> <!-- digital_Downloads.TC_004 -->
