<?xml version="1.0" encoding="UTF-8"?>
<!-- Generated by org.testng.reporters.JUnitReportReporter -->
<testsuite skipped="0" hostname="LAPTOP-TVJ0FV6G" name="digital_Downloads.TC_007" tests="1" failures="0" timestamp="2023-01-22T22:52:19 IST" time="5.895" errors="0">
  <testcase name="addToCartButton" time="5.895" classname="digital_Downloads.TC_007"/>
  <system-out>
Digital downloads page is displayed Product page is displayed Product got added to cart  </system-out>
</testsuite> <!-- digital_Downloads.TC_007 -->
