<?xml version="1.0" encoding="UTF-8"?>
<!-- Generated by org.testng.reporters.JUnitReportReporter -->
<testsuite skipped="0" hostname="LAPTOP-TVJ0FV6G" name="digital_Downloads.TC_008" tests="1" failures="0" timestamp="2023-01-23T07:02:11 IST" time="6.303" errors="0">
  <testcase name="shoppingcartButton" time="6.303" classname="digital_Downloads.TC_008"/>
  <system-out>
Digital downloads page is displayed Product page is displayed Product got added to cart Shoppingcart page is displayed  </system-out>
</testsuite> <!-- digital_Downloads.TC_008 -->
