<?xml version="1.0" encoding="UTF-8"?>
<!-- Generated by org.testng.reporters.JUnitReportReporter -->
<testsuite skipped="0" hostname="LAPTOP-TVJ0FV6G" name="digital_Downloads.TC_009" tests="1" failures="0" timestamp="2023-01-23T09:25:50 IST" time="3.970" errors="0">
  <testcase name="removingProductFromCart" time="3.970" classname="digital_Downloads.TC_009"/>
  <system-out>
Digital downloads page is displayed Product page is displayed Product got added to cart Shoppingcart page is displayed Your Shopping Cart is empty! Product is removed from cart  </system-out>
</testsuite> <!-- digital_Downloads.TC_009 -->
